0 info it worked if it ends with ok
1 verbose cli [ 'node', '/usr/local/bin/npm', 'start' ]
2 info using npm@2.15.1
3 info using node@v0.10.44
4 verbose node symlink /usr/local/bin/node
5 verbose run-script [ 'prestart', 'start', 'poststart' ]
6 info prestart pizzadash@1.0.0
7 info start pizzadash@1.0.0
8 verbose unsafe-perm in lifecycle true
9 info pizzadash@1.0.0 Failed to exec start script
10 verbose stack Error: pizzadash@1.0.0 start: `sudo node app.js`
10 verbose stack Exit status 8
10 verbose stack     at EventEmitter.<anonymous> (/usr/local/lib/node_modules/npm/lib/utils/lifecycle.js:217:16)
10 verbose stack     at EventEmitter.emit (events.js:98:17)
10 verbose stack     at ChildProcess.<anonymous> (/usr/local/lib/node_modules/npm/lib/utils/spawn.js:24:14)
10 verbose stack     at ChildProcess.emit (events.js:98:17)
10 verbose stack     at maybeClose (child_process.js:766:16)
10 verbose stack     at Process.ChildProcess._handle.onexit (child_process.js:833:5)
11 verbose pkgid pizzadash@1.0.0
12 verbose cwd /Users/dan/Documents/Dropbox/School/2016 Spring/pizzadash
13 error Darwin 15.3.0
14 error argv "node" "/usr/local/bin/npm" "start"
15 error node v0.10.44
16 error npm  v2.15.1
17 error code ELIFECYCLE
18 error pizzadash@1.0.0 start: `sudo node app.js`
18 error Exit status 8
19 error Failed at the pizzadash@1.0.0 start script 'sudo node app.js'.
19 error This is most likely a problem with the pizzadash package,
19 error not with npm itself.
19 error Tell the author that this fails on your system:
19 error     sudo node app.js
19 error You can get information on how to open an issue for this project with:
19 error     npm bugs pizzadash
19 error Or if that isn't available, you can get their info via:
19 error
19 error     npm owner ls pizzadash
19 error There is likely additional logging output above.
20 verbose exit [ 1, true ]
